0 verbose cli [
0 verbose cli   'C:\\Program Files\\nodejs\\node.exe',
0 verbose cli   'C:\\Users\\my pc\\AppData\\Roaming\\npm\\node_modules\\npm\\bin\\npm-cli.js',
0 verbose cli   'view',
0 verbose cli   '--json',
0 verbose cli   'react-dom',
0 verbose cli   'description',
0 verbose cli   'dist-tags.latest',
0 verbose cli   'homepage',
0 verbose cli   'version'
0 verbose cli ]
1 info using npm@8.4.0
2 info using node@v16.13.1
3 timing npm:load:whichnode Completed in 2ms
4 timing config:load:defaults Completed in 4ms
5 timing config:load:file:C:\Users\my pc\AppData\Roaming\npm\node_modules\npm\npmrc Completed in 5ms
6 timing config:load:builtin Completed in 5ms
7 timing config:load:cli Completed in 6ms
8 timing config:load:env Completed in 2ms
9 timing config:load:file:c:\Users\my pc\Desktop\agency\.npmrc Completed in 1ms
10 timing config:load:project Completed in 3ms
11 timing config:load:file:C:\Users\my pc\.npmrc Completed in 2ms
12 timing config:load:user Completed in 3ms
13 timing config:load:file:C:\Users\my pc\AppData\Roaming\npm\etc\npmrc Completed in 0ms
14 timing config:load:global Completed in 1ms
15 timing config:load:validate Completed in 1ms
16 timing config:load:credentials Completed in 5ms
17 timing config:load:setEnvs Completed in 3ms
18 timing config:load Completed in 40ms
19 timing npm:load:configload Completed in 41ms
20 timing npm:load:setTitle Completed in 1ms
21 timing config:load:flatten Completed in 12ms
22 timing npm:load:display Completed in 13ms
23 verbose logfile c:\Users\my pc\Desktop\agency\_logs\2022-04-15T20_14_06_476Z-debug-0.log
24 timing npm:load:logFile Completed in 23ms
25 timing npm:load:timers Completed in 0ms
26 timing npm:load:configScope Completed in 0ms
27 timing npm:load Completed in 83ms
28 silly logfile start cleaning logs, removing 1 files
29 timing command:view Completed in 70457ms
30 verbose type system
31 verbose stack FetchError: request to https://registry.npmjs.org/react-dom failed, reason: getaddrinfo ENOTFOUND registry.npmjs.org
31 verbose stack     at ClientRequest.<anonymous> (C:\Users\my pc\AppData\Roaming\npm\node_modules\npm\node_modules\minipass-fetch\lib\index.js:110:14)
31 verbose stack     at ClientRequest.emit (node:events:390:28)
31 verbose stack     at TLSSocket.socketErrorListener (node:_http_client:447:9)
31 verbose stack     at TLSSocket.emit (node:events:402:35)
31 verbose stack     at emitErrorNT (node:internal/streams/destroy:157:8)
31 verbose stack     at emitErrorCloseNT (node:internal/streams/destroy:122:3)
31 verbose stack     at processTicksAndRejections (node:internal/process/task_queues:83:21)
32 verbose cwd c:\Users\my pc\Desktop\agency
33 verbose Windows_NT 10.0.18363
34 verbose argv "C:\\Program Files\\nodejs\\node.exe" "C:\\Users\\my pc\\AppData\\Roaming\\npm\\node_modules\\npm\\bin\\npm-cli.js" "view" "--json" "react-dom" "description" "dist-tags.latest" "homepage" "version"
35 verbose node v16.13.1
36 verbose npm  v8.4.0
37 error code ENOTFOUND
38 error syscall getaddrinfo
39 error errno ENOTFOUND
40 error network request to https://registry.npmjs.org/react-dom failed, reason: getaddrinfo ENOTFOUND registry.npmjs.org
41 error network This is a problem related to network connectivity.
41 error network In most cases you are behind a proxy or have bad network settings.
41 error network
41 error network If you are behind a proxy, please make sure that the
41 error network 'proxy' config is set properly.  See: 'npm help config'
42 verbose exit 1
43 timing npm Completed in 74213ms
44 verbose code 1
45 error A complete log of this run can be found in:
45 error     c:\Users\my pc\Desktop\agency\_logs\2022-04-15T20_14_06_476Z-debug-0.log
