0 verbose cli [
0 verbose cli   'C:\\Program Files\\nodejs\\node.exe',
0 verbose cli   'C:\\Users\\my pc\\AppData\\Roaming\\npm\\node_modules\\npm\\bin\\npm-cli.js',
0 verbose cli   'install',
0 verbose cli   'aos@next'
0 verbose cli ]
1 info using npm@8.4.0
2 info using node@v16.13.1
3 timing npm:load:whichnode Completed in 0ms
4 timing config:load:defaults Completed in 3ms
5 timing config:load:file:C:\Users\my pc\AppData\Roaming\npm\node_modules\npm\npmrc Completed in 4ms
6 timing config:load:builtin Completed in 4ms
7 timing config:load:cli Completed in 2ms
8 timing config:load:env Completed in 1ms
9 timing config:load:file:C:\Users\my pc\Desktop\agency\.npmrc Completed in 1ms
10 timing config:load:project Completed in 2ms
11 timing config:load:file:C:\Users\my pc\.npmrc Completed in 1ms
12 timing config:load:user Completed in 1ms
13 timing config:load:file:C:\Users\my pc\AppData\Roaming\npm\etc\npmrc Completed in 0ms
14 timing config:load:global Completed in 0ms
15 timing config:load:validate Completed in 1ms
16 timing config:load:credentials Completed in 1ms
17 timing config:load:setEnvs Completed in 1ms
18 timing config:load Completed in 18ms
19 timing npm:load:configload Completed in 18ms
20 timing npm:load:setTitle Completed in 0ms
21 timing config:load:flatten Completed in 8ms
22 timing npm:load:display Completed in 11ms
23 verbose logfile C:\Users\my pc\Desktop\agency\_logs\2022-04-15T09_33_30_022Z-debug-0.log
24 timing npm:load:logFile Completed in 67ms
25 timing npm:load:timers Completed in 0ms
26 timing npm:load:configScope Completed in 1ms
27 timing npm:load Completed in 99ms
28 timing arborist:ctor Completed in 1ms
29 silly logfile start cleaning logs, removing 1 files
30 timing idealTree:init Completed in 848ms
31 timing arborist:ctor Completed in 0ms
32 http fetch GET 200 https://registry.npmjs.org/aos 13782ms (cache miss)
33 timing idealTree:userRequests Completed in 13796ms
34 silly idealTree buildDeps
35 silly fetch manifest aos@3.0.0-beta.6
36 silly placeDep ROOT aos@3.0.0-beta.6 OK for:  want: 3.0.0-beta.6
37 silly fetch manifest classlist-polyfill@^1.2.0
38 silly fetch manifest lodash.debounce@^4.0.8
39 silly fetch manifest lodash.throttle@^4.1.1
40 http fetch GET 200 https://registry.npmjs.org/lodash.debounce 926ms (cache miss)
41 http fetch GET 200 https://registry.npmjs.org/lodash.throttle 927ms (cache miss)
42 http fetch GET 200 https://registry.npmjs.org/classlist-polyfill 1623ms (cache miss)
43 timing idealTree:#root Completed in 1636ms
44 silly placeDep ROOT classlist-polyfill@1.2.0 OK for: aos@3.0.0-beta.6 want: ^1.2.0
45 silly placeDep ROOT lodash.debounce@4.0.8 OK for: aos@3.0.0-beta.6 want: ^4.0.8
46 silly placeDep ROOT lodash.throttle@4.1.1 OK for: aos@3.0.0-beta.6 want: ^4.1.1
47 timing idealTree:node_modules/aos Completed in 10ms
48 timing idealTree:node_modules/classlist-polyfill Completed in 0ms
49 timing idealTree:node_modules/lodash.debounce Completed in 0ms
50 timing idealTree:node_modules/lodash.throttle Completed in 0ms
51 timing idealTree:buildDeps Completed in 1649ms
52 timing idealTree:fixDepFlags Completed in 17ms
53 timing idealTree Completed in 16324ms
54 timing reify:loadTrees Completed in 16327ms
55 timing reify:diffTrees Completed in 2709ms
56 silly reify moves {}
57 timing reify:retireShallow Completed in 1ms
58 timing reify:createSparse Completed in 1071ms
59 timing reify:loadBundles Completed in 0ms
60 silly audit bulk request {
60 silly audit   '@babel/code-frame': [ '7.12.11', '7.16.7' ],
60 silly audit   '@babel/compat-data': [ '7.16.4' ],
60 silly audit   '@babel/core': [ '7.16.7' ],
60 silly audit   '@babel/types': [ '7.16.7', '7.15.0' ],
60 silly audit   debug: [ '4.3.3', '2.6.9', '3.2.7' ],
60 silly audit   ms: [ '2.1.2', '2.1.3', '2.0.0' ],
60 silly audit   'source-map': [ '0.5.7', '0.6.1', '0.8.0-beta.0', '0.7.3' ],
60 silly audit   '@babel/generator': [ '7.16.7' ],
60 silly audit   '@babel/helper-compilation-targets': [ '7.16.7' ],
60 silly audit   browserslist: [ '4.19.1', '4.16.6' ],
60 silly audit   'node-releases': [ '2.0.1', '1.1.77' ],
60 silly audit   '@babel/helper-environment-visitor': [ '7.16.7' ],
60 silly audit   '@babel/helper-function-name': [ '7.16.7' ],
60 silly audit   '@babel/helper-get-function-arity': [ '7.16.7' ],
60 silly audit   '@babel/helper-hoist-variables': [ '7.16.7' ],
60 silly audit   '@babel/helper-module-imports': [ '7.16.7' ],
60 silly audit   '@babel/helper-module-transforms': [ '7.16.7' ],
60 silly audit   '@babel/helper-plugin-utils': [ '7.16.7' ],
60 silly audit   '@babel/helper-simple-access': [ '7.16.7' ],
60 silly audit   '@babel/helper-split-export-declaration': [ '7.16.7' ],
60 silly audit   '@babel/helper-validator-identifier': [ '7.16.7' ],
60 silly audit   '@babel/helper-validator-option': [ '7.16.7' ],
60 silly audit   '@babel/helpers': [ '7.16.7' ],
60 silly audit   '@babel/highlight': [ '7.16.7' ],
60 silly audit   '@babel/parser': [ '7.16.7' ],
60 silly audit   '@babel/plugin-syntax-jsx': [ '7.14.5' ],
60 silly audit   '@babel/runtime': [ '7.15.4', '7.16.7' ],
60 silly audit   '@babel/runtime-corejs3': [ '7.16.7' ],
60 silly audit   '@babel/template': [ '7.16.7' ],
60 silly audit   '@babel/traverse': [ '7.16.7' ],
60 silly audit   '@emailjs/browser': [ '3.4.0' ],
60 silly audit   '@emotion/hash': [ '0.8.0' ],
60 silly audit   '@emotion/is-prop-valid': [ '0.8.8' ],
60 silly audit   '@emotion/memoize': [ '0.7.4' ],
60 silly audit   '@eslint/eslintrc': [ '1.0.5' ],
60 silly audit   globals: [ '13.12.0', '11.12.0' ],
60 silly audit   'type-fest': [ '0.20.2', '0.7.1' ],
60 silly audit   '@hapi/accept': [ '5.0.2' ],
60 silly audit   '@hapi/boom': [ '9.1.4' ],
60 silly audit   '@hapi/hoek': [ '9.2.1' ],
60 silly audit   '@hookform/error-message': [ '2.0.0' ],
60 silly audit   '@humanwhocodes/config-array': [ '0.9.2' ],
60 silly audit   '@humanwhocodes/object-schema': [ '1.2.1' ],
60 silly audit   '@material-ui/core': [ '4.12.3' ],
60 silly audit   '@material-ui/icons': [ '4.11.2' ],
60 silly audit   '@material-ui/styles': [ '4.11.4' ],
60 silly audit   '@material-ui/system': [ '4.12.1' ],
60 silly audit   '@material-ui/types': [ '5.1.0' ],
60 silly audit   '@material-ui/utils': [ '4.11.2' ],
60 silly audit   '@napi-rs/triples': [ '1.0.3' ],
60 silly audit   '@next/env': [ '12.0.7' ],
60 silly audit   '@next/eslint-plugin-next': [ '12.0.7' ],
60 silly audit   '@next/polyfill-module': [ '12.0.7' ],
60 silly audit   '@next/react-dev-overlay': [ '12.0.7' ],
60 silly audit   'ansi-styles': [ '4.3.0', '3.2.1' ],
60 silly audit   chalk: [ '4.0.0', '2.4.2', '4.1.2' ],
60 silly audit   'color-convert': [ '2.0.1', '1.9.3' ],
60 silly audit   'color-name': [ '1.1.4', '1.1.3' ],
60 silly audit   'has-flag': [ '4.0.0', '3.0.0' ],
60 silly audit   'supports-color': [ '7.2.0', '8.1.1', '5.5.0' ],
60 silly audit   '@next/react-refresh-utils': [ '12.0.7' ],
60 silly audit   '@next/swc-android-arm64': [ '12.0.7' ],
60 silly audit   '@next/swc-darwin-arm64': [ '12.0.7' ],
60 silly audit   '@next/swc-darwin-x64': [ '12.0.7' ],
60 silly audit   '@next/swc-linux-arm-gnueabihf': [ '12.0.7' ],
60 silly audit   '@next/swc-linux-arm64-gnu': [ '12.0.7' ],
60 silly audit   '@next/swc-linux-arm64-musl': [ '12.0.7' ],
60 silly audit   '@next/swc-linux-x64-gnu': [ '12.0.7' ],
60 silly audit   '@next/swc-linux-x64-musl': [ '12.0.7' ],
60 silly audit   '@next/swc-win32-arm64-msvc': [ '12.0.7' ],
60 silly audit   '@next/swc-win32-ia32-msvc': [ '12.0.7' ],
60 silly audit   '@next/swc-win32-x64-msvc': [ '12.0.7' ],
60 silly audit   '@nodelib/fs.scandir': [ '2.1.5' ],
60 silly audit   '@nodelib/fs.stat': [ '2.0.5' ],
60 silly audit   '@nodelib/fs.walk': [ '1.2.8' ],
60 silly audit   '@rushstack/eslint-patch': [ '1.1.0' ],
60 silly audit   '@sendgrid/client': [ '7.6.0' ],
60 silly audit   axios: [ '0.21.4', '0.25.0' ],
60 silly audit   '@sendgrid/helpers': [ '7.6.0' ],
60 silly audit   '@sendgrid/mail': [ '7.6.0' ],
60 silly audit   '@types/json5': [ '0.0.29' ],
60 silly audit   '@types/node': [ '17.0.6' ],
60 silly audit   '@types/prop-types': [ '15.7.4' ],
60 silly audit   '@types/react': [ '17.0.38' ],
60 silly audit   '@types/react-transition-group': [ '4.4.4' ],
60 silly audit   csstype: [ '3.0.10', '2.6.19' ],
60 silly audit   '@types/scheduler': [ '0.16.2' ],
60 silly audit   '@typescript-eslint/parser': [ '5.8.1' ],
60 silly audit   '@typescript-eslint/scope-manager': [ '5.8.1' ],
60 silly audit   '@typescript-eslint/types': [ '5.8.1' ],
60 silly audit   '@typescript-eslint/typescript-estree': [ '5.8.1' ],
60 silly audit   semver: [ '7.3.5', '6.3.0' ],
60 silly audit   '@typescript-eslint/visitor-keys': [ '5.8.1' ],
60 silly audit   acorn: [ '8.5.0', '8.7.0' ],
60 silly audit   'acorn-jsx': [ '5.3.2' ],
60 silly audit   ajv: [ '6.12.6' ],
60 silly audit   anser: [ '1.4.9' ],
60 silly audit   'ansi-colors': [ '4.1.1' ],
60 silly audit   'ansi-regex': [ '5.0.1', '2.1.1' ],
60 silly audit   anymatch: [ '3.1.2' ],
60 silly audit   aproba: [ '1.2.0' ],
60 silly audit   'are-we-there-yet': [ '1.1.7' ],
60 silly audit   'readable-stream': [ '2.3.7', '3.6.0' ],
60 silly audit   'safe-buffer': [ '5.1.2', '5.2.1' ],
60 silly audit   string_decoder: [ '1.1.1', '1.3.0' ],
60 silly audit   argparse: [ '2.0.1' ],
60 silly audit   'aria-query': [ '4.2.2' ],
60 silly audit   'array-includes': [ '3.1.4' ],
60 silly audit   'array-union': [ '2.1.0' ],
60 silly audit   'array.prototype.flat': [ '1.2.5' ],
60 silly audit   'array.prototype.flatmap': [ '1.2.5' ],
60 silly audit   'asn1.js': [ '5.4.1' ],
60 silly audit   'bn.js': [ '4.12.0', '5.2.0' ],
60 silly audit   assert: [ '2.0.0' ],
60 silly audit   'ast-types-flow': [ '0.0.7' ],
60 silly audit   'available-typed-arrays': [ '1.0.5' ],
60 silly audit   'axe-core': [ '4.3.5' ],
60 silly audit   'axobject-query': [ '2.2.0' ],
60 silly audit   'balanced-match': [ '1.0.2' ],
60 silly audit   'base64-js': [ '1.5.1' ],
60 silly audit   'big.js': [ '5.2.2' ],
60 silly audit   'binary-extensions': [ '2.2.0' ],
60 silly audit   bl: [ '4.1.0' ],
60 silly audit   'brace-expansion': [ '1.1.11' ],
60 silly audit   braces: [ '3.0.2' ],
60 silly audit   brorand: [ '1.1.0' ],
60 silly audit   'browserify-aes': [ '1.2.0' ],
60 silly audit   'browserify-cipher': [ '1.0.1' ],
60 silly audit   'browserify-des': [ '1.0.2' ],
60 silly audit   'browserify-rsa': [ '4.1.0' ],
60 silly audit   'browserify-sign': [ '4.2.1' ],
60 silly audit   'browserify-zlib': [ '0.2.0' ],
60 silly audit   buffer: [ '5.6.0' ],
60 silly audit   'buffer-xor': [ '1.0.3' ],
60 silly audit   'builtin-status-codes': [ '3.0.0' ],
60 silly audit   bytes: [ '3.1.0' ],
60 silly audit   'call-bind': [ '1.0.2' ],
60 silly audit   callsites: [ '3.1.0' ],
60 silly audit   'caniuse-lite': [ '1.0.30001294' ],
60 silly audit   chokidar: [ '3.5.1' ],
60 silly audit   chownr: [ '1.1.4' ],
60 silly audit   'cipher-base': [ '1.0.4' ],
60 silly audit   classnames: [ '2.2.6' ],
60 silly audit   clsx: [ '1.1.1' ],
60 silly audit   'code-point-at': [ '1.1.0' ],
60 silly audit   color: [ '4.2.0' ],
60 silly audit   'color-string': [ '1.9.0' ],
60 silly audit   colorette: [ '1.4.0' ],
60 silly audit   commondir: [ '1.0.1' ],
60 silly audit   'concat-map': [ '0.0.1' ],
60 silly audit   'console-control-strings': [ '1.1.0' ],
60 silly audit   'constants-browserify': [ '1.0.0' ],
60 silly audit   'convert-source-map': [ '1.7.0' ],
60 silly audit   'core-js-pure': [ '3.20.2' ],
60 silly audit   'core-util-is': [ '1.0.3' ],
60 silly audit   'create-ecdh': [ '4.0.4' ],
60 silly audit   'create-hash': [ '1.2.0' ],
60 silly audit   'create-hmac': [ '1.1.7' ],
60 silly audit   'cross-spawn': [ '7.0.3' ],
60 silly audit   'crypto-browserify': [ '3.12.0' ],
60 silly audit   'css-vendor': [ '2.0.8' ],
60 silly audit   'css.escape': [ '1.5.1' ],
60 silly audit   'cssnano-preset-simple': [ '3.0.0' ],
60 silly audit   'cssnano-simple': [ '3.0.0' ],
60 silly audit   'damerau-levenshtein': [ '1.0.7' ],
60 silly audit   'data-uri-to-buffer': [ '3.0.1' ],
60 silly audit   'decompress-response': [ '6.0.0' ],
60 silly audit   'deep-extend': [ '0.6.0' ],
60 silly audit   'deep-is': [ '0.1.4' ],
60 silly audit   deepmerge: [ '4.2.2' ],
60 silly audit   'define-properties': [ '1.1.3' ],
60 silly audit   delegates: [ '1.0.0' ],
60 silly audit   depd: [ '1.1.2' ],
60 silly audit   'des.js': [ '1.0.1' ],
60 silly audit   'detect-libc': [ '1.0.3', '2.0.0' ],
60 silly audit   'diffie-hellman': [ '5.0.3' ],
60 silly audit   'dir-glob': [ '3.0.1' ],
60 silly audit   doctrine: [ '3.0.0', '2.1.0' ],
60 silly audit   'dom-helpers': [ '5.2.1' ],
60 silly audit   'domain-browser': [ '4.19.0' ],
60 silly audit   dotenv: [ '14.2.0' ],
60 silly audit   'electron-to-chromium': [ '1.4.31' ],
60 silly audit   elliptic: [ '6.5.4' ],
60 silly audit   'emoji-regex': [ '9.2.2' ],
60 silly audit   'emojis-list': [ '2.1.0' ],
60 silly audit   encoding: [ '0.1.13' ],
60 silly audit   'end-of-stream': [ '1.4.4' ],
60 silly audit   enquirer: [ '2.3.6' ],
60 silly audit   'es-abstract': [ '1.19.1' ],
60 silly audit   'es-to-primitive': [ '1.2.1' ],
60 silly audit   'es6-object-assign': [ '1.1.0' ],
60 silly audit   escalade: [ '3.1.1' ],
60 silly audit   'escape-string-regexp': [ '1.0.5', '4.0.0' ],
60 silly audit   eslint: [ '8.6.0' ],
60 silly audit   'eslint-config-next': [ '12.0.7' ],
60 silly audit   'eslint-import-resolver-node': [ '0.3.6' ],
60 silly audit   'eslint-import-resolver-typescript': [ '2.5.0' ],
60 silly audit   'eslint-module-utils': [ '2.7.1' ],
60 silly audit   'find-up': [ '2.1.0', '4.1.0' ],
60 silly audit   'locate-path': [ '2.0.0', '5.0.0' ],
60 silly audit   'p-limit': [ '1.3.0', '3.1.0', '2.3.0' ],
60 silly audit   'p-locate': [ '2.0.0', '4.1.0' ],
60 silly audit   'p-try': [ '1.0.0', '2.2.0' ],
60 silly audit   'path-exists': [ '3.0.0', '4.0.0' ],
60 silly audit   'pkg-dir': [ '2.0.0', '4.2.0' ],
60 silly audit   'eslint-plugin-import': [ '2.25.3' ],
60 silly audit   'eslint-plugin-jsx-a11y': [ '6.5.1' ],
60 silly audit   'eslint-plugin-react': [ '7.28.0' ],
60 silly audit   'eslint-plugin-react-hooks': [ '4.3.0' ],
60 silly audit   resolve: [ '2.0.0-next.3', '1.20.0' ],
60 silly audit   'eslint-scope': [ '7.1.0' ],
60 silly audit   'eslint-utils': [ '3.0.0' ],
60 silly audit   'eslint-visitor-keys': [ '2.1.0', '3.1.0' ],
60 silly audit   'glob-parent': [ '6.0.2', '5.1.2' ],
60 silly audit   espree: [ '9.3.0' ],
60 silly audit   esquery: [ '1.4.0' ],
60 silly audit   esrecurse: [ '4.3.0' ],
60 silly audit   estraverse: [ '5.3.0' ],
60 silly audit   esutils: [ '2.0.3' ],
60 silly audit   etag: [ '1.8.1' ],
60 silly audit   events: [ '3.3.0' ],
60 silly audit   evp_bytestokey: [ '1.0.3' ],
60 silly audit   'expand-template': [ '2.0.3' ],
60 silly audit   'fast-deep-equal': [ '3.1.3' ],
60 silly audit   'fast-glob': [ '3.2.7' ],
60 silly audit   'fast-json-stable-stringify': [ '2.1.0' ],
60 silly audit   'fast-levenshtein': [ '2.0.6' ],
60 silly audit   fastq: [ '1.13.0' ],
60 silly audit   'file-entry-cache': [ '6.0.1' ],
60 silly audit   'fill-range': [ '7.0.1' ],
60 silly audit   'find-cache-dir': [ '3.3.1' ],
60 silly audit   'flat-cache': [ '3.0.4' ],
60 silly audit   flatted: [ '3.2.4' ],
60 silly audit   'follow-redirects': [ '1.14.7' ],
60 silly audit   foreach: [ '2.0.5' ],
60 silly audit   'framer-motion': [ '6.2.6' ],
60 silly audit   tslib: [ '2.3.1', '1.14.1' ],
60 silly audit   framesync: [ '6.0.1' ],
60 silly audit   'fs-constants': [ '1.0.0' ],
60 silly audit   'fs.realpath': [ '1.0.0' ],
60 silly audit   fsevents: [ '2.3.2' ],
60 silly audit   'function-bind': [ '1.1.1' ],
60 silly audit   'functional-red-black-tree': [ '1.0.1' ],
60 silly audit   gauge: [ '2.7.4' ],
60 silly audit   'strip-ansi': [ '3.0.1', '6.0.1' ],
60 silly audit   gensync: [ '1.0.0-beta.2' ],
60 silly audit   'get-intrinsic': [ '1.1.1' ],
60 silly audit   'get-orientation': [ '1.1.2' ],
60 silly audit   'get-symbol-description': [ '1.0.0' ],
60 silly audit   'github-from-package': [ '0.0.0' ],
60 silly audit   glob: [ '7.1.7' ],
60 silly audit   'glob-to-regexp': [ '0.4.1' ],
60 silly audit   globby: [ '11.0.4' ],
60 silly audit   ignore: [ '5.2.0', '4.0.6' ],
60 silly audit   'graceful-fs': [ '4.2.8' ],
60 silly audit   has: [ '1.0.3' ],
60 silly audit   'has-bigints': [ '1.0.1' ],
60 silly audit   'has-symbols': [ '1.0.2' ],
60 silly audit   'has-tostringtag': [ '1.0.0' ],
60 silly audit   'has-unicode': [ '2.0.1' ],
60 silly audit   'hash-base': [ '3.1.0' ],
60 silly audit   'hash.js': [ '1.1.7' ],
60 silly audit   he: [ '1.2.0' ],
60 silly audit   'hey-listen': [ '1.0.8' ],
60 silly audit   'hmac-drbg': [ '1.0.1' ],
60 silly audit   'hoist-non-react-statics': [ '3.3.2' ],
60 silly audit   'react-is': [ '16.13.1', '17.0.2' ],
60 silly audit   'http-errors': [ '1.7.3' ],
60 silly audit   'https-browserify': [ '1.0.0' ],
60 silly audit   'hyphenate-style-name': [ '1.0.4' ],
60 silly audit   'iconv-lite': [ '0.6.3', '0.4.24' ],
60 silly audit   ieee754: [ '1.2.1' ],
60 silly audit   'image-size': [ '1.0.0' ],
60 silly audit   'import-fresh': [ '3.3.0' ],
60 silly audit   imurmurhash: [ '0.1.4' ],
60 silly audit   inflight: [ '1.0.6' ],
60 silly audit   inherits: [ '2.0.4' ],
60 silly audit   ini: [ '1.3.8' ],
60 silly audit   'internal-slot': [ '1.0.3' ],
60 silly audit   'is-arguments': [ '1.1.1' ],
60 silly audit   'is-arrayish': [ '0.3.2' ],
60 silly audit   'is-bigint': [ '1.0.4' ],
60 silly audit   'is-binary-path': [ '2.1.0' ],
60 silly audit   'is-boolean-object': [ '1.1.2' ],
60 silly audit   'is-callable': [ '1.2.4' ],
60 silly audit   'is-core-module': [ '2.8.0' ],
60 silly audit   'is-date-object': [ '1.0.5' ],
60 silly audit   'is-extglob': [ '2.1.1' ],
60 silly audit   'is-fullwidth-code-point': [ '1.0.0' ],
60 silly audit   'is-generator-function': [ '1.0.10' ],
60 silly audit   'is-glob': [ '4.0.3' ],
60 silly audit   'is-in-browser': [ '1.1.3' ],
60 silly audit   'is-nan': [ '1.3.2' ],
60 silly audit   'is-negative-zero': [ '2.0.2' ],
60 silly audit   'is-number': [ '7.0.0' ],
60 silly audit   'is-number-object': [ '1.0.6' ],
60 silly audit   'is-regex': [ '1.1.4' ],
60 silly audit   'is-shared-array-buffer': [ '1.0.1' ],
60 silly audit   'is-string': [ '1.0.7' ],
60 silly audit   'is-symbol': [ '1.0.4' ],
60 silly audit   'is-typed-array': [ '1.1.8' ],
60 silly audit   'is-weakref': [ '1.0.2' ],
60 silly audit   isarray: [ '1.0.0' ],
60 silly audit   isexe: [ '2.0.0' ],
60 silly audit   ityped: [ '1.0.3' ],
60 silly audit   'jest-worker': [ '27.0.0-next.5' ],
60 silly audit   'js-tokens': [ '4.0.0' ],
60 silly audit   'js-yaml': [ '4.1.0' ],
60 silly audit   jsesc: [ '2.5.2' ],
60 silly audit   'json-schema-traverse': [ '0.4.1' ],
60 silly audit   'json-stable-stringify-without-jsonify': [ '1.0.1' ],
60 silly audit   json5: [ '2.2.0', '1.0.1' ],
60 silly audit   jss: [ '10.9.0' ],
60 silly audit   'jss-plugin-camel-case': [ '10.9.0' ],
60 silly audit   'jss-plugin-default-unit': [ '10.9.0' ],
60 silly audit   'jss-plugin-global': [ '10.9.0' ],
60 silly audit   'jss-plugin-nested': [ '10.9.0' ],
60 silly audit   'jss-plugin-props-sort': [ '10.9.0' ],
60 silly audit   'jss-plugin-rule-value-function': [ '10.9.0' ],
60 silly audit   'jss-plugin-vendor-prefixer': [ '10.9.0' ],
60 silly audit   'jsx-ast-utils': [ '3.2.1' ],
60 silly audit   'language-subtag-registry': [ '0.3.21' ],
60 silly audit   'language-tags': [ '1.0.5' ],
60 silly audit   levn: [ '0.4.1' ],
60 silly audit   'loader-utils': [ '1.2.3' ],
60 silly audit   'lodash.merge': [ '4.6.2' ],
60 silly audit   'lodash.sortby': [ '4.7.0' ],
60 silly audit   'loose-envify': [ '1.4.0' ],
60 silly audit   'lru-cache': [ '6.0.0' ],
60 silly audit   'make-dir': [ '3.1.0' ],
60 silly audit   'md5.js': [ '1.3.5' ],
60 silly audit   'merge-stream': [ '2.0.0' ],
60 silly audit   merge2: [ '1.4.1' ],
60 silly audit   micromatch: [ '4.0.4' ],
60 silly audit   'miller-rabin': [ '4.0.1' ],
60 silly audit   'mimic-response': [ '3.1.0' ],
60 silly audit   'minimalistic-assert': [ '1.0.1' ],
60 silly audit   'minimalistic-crypto-utils': [ '1.0.1' ],
60 silly audit   minimatch: [ '3.0.4' ],
60 silly audit   minimist: [ '1.2.5' ],
60 silly audit   'mkdirp-classic': [ '0.5.3' ],
60 silly audit   nanoid: [ '3.1.30' ],
60 silly audit   'napi-build-utils': [ '1.0.2' ],
60 silly audit   'natural-compare': [ '1.4.0' ],
60 silly audit   next: [ '12.0.7' ],
60 silly audit   'node-abi': [ '3.5.0' ],
60 silly audit   'node-addon-api': [ '4.3.0' ],
60 silly audit   'node-fetch': [ '2.6.1' ],
60 silly audit   'node-html-parser': [ '1.4.9' ],
60 silly audit   nodemailer: [ '6.7.2' ],
60 silly audit   'normalize-path': [ '3.0.0' ],
60 silly audit   npmlog: [ '4.1.2' ],
60 silly audit   'number-is-nan': [ '1.0.1' ],
60 silly audit   'object-assign': [ '4.1.1' ],
60 silly audit   'object-inspect': [ '1.12.0' ],
60 silly audit   'object-is': [ '1.1.5' ],
60 silly audit   'object-keys': [ '1.1.1' ],
60 silly audit   'object.assign': [ '4.1.2' ],
60 silly audit   'object.entries': [ '1.1.5' ],
60 silly audit   'object.fromentries': [ '2.0.5' ],
60 silly audit   'object.hasown': [ '1.1.0' ],
60 silly audit   'object.values': [ '1.1.5' ],
60 silly audit   once: [ '1.4.0' ],
60 silly audit   optionator: [ '0.9.1' ],
60 silly audit   'os-browserify': [ '0.3.0' ],
60 silly audit   pako: [ '1.0.11' ],
60 silly audit   'parent-module': [ '1.0.1' ],
60 silly audit   'parse-asn1': [ '5.1.6' ],
60 silly audit   'path-browserify': [ '1.0.1' ],
60 silly audit   'path-is-absolute': [ '1.0.1' ],
60 silly audit   'path-key': [ '3.1.1' ],
60 silly audit   'path-parse': [ '1.0.7' ],
60 silly audit   'path-type': [ '4.0.0' ],
60 silly audit   pbkdf2: [ '3.1.2' ],
60 silly audit   picocolors: [ '1.0.0' ],
60 silly audit   picomatch: [ '2.3.0' ],
60 silly audit   platform: [ '1.3.6' ],
60 silly audit   popmotion: [ '11.0.3' ],
60 silly audit   'popper.js': [ '1.16.1-lts' ],
60 silly audit   postcss: [ '8.2.15' ],
60 silly audit   'prebuild-install': [ '7.0.1' ],
60 silly audit   'prelude-ls': [ '1.2.1' ],
60 silly audit   process: [ '0.11.10' ],
60 silly audit   'process-nextick-args': [ '2.0.1' ],
60 silly audit   progress: [ '2.0.3' ],
60 silly audit   'prop-types': [ '15.8.0' ],
60 silly audit   'public-encrypt': [ '4.0.3' ],
60 silly audit   pump: [ '3.0.0' ],
60 silly audit   punycode: [ '2.1.1' ],
60 silly audit   'querystring-es3': [ '0.2.1' ],
60 silly audit   queue: [ '6.0.2' ],
60 silly audit   'queue-microtask': [ '1.2.3' ],
60 silly audit   randombytes: [ '2.1.0' ],
60 silly audit   randomfill: [ '1.0.4' ],
60 silly audit   'raw-body': [ '2.4.1' ],
60 silly audit   rc: [ '1.2.8' ],
60 silly audit   'strip-json-comments': [ '2.0.1', '3.1.1' ],
60 silly audit   react: [ '17.0.2' ],
60 silly audit   'react-dom': [ '17.0.2' ],
60 silly audit   'react-hook-form': [ '7.24.1' ],
60 silly audit   'react-refresh': [ '0.8.3' ],
60 silly audit   'react-transition-group': [ '4.4.2' ],
60 silly audit   readdirp: [ '3.5.0' ],
60 silly audit   'regenerator-runtime': [ '0.13.4' ],
60 silly audit   'regexp.prototype.flags': [ '1.3.1' ],
60 silly audit   regexpp: [ '3.2.0' ],
60 silly audit   'resolve-from': [ '4.0.0' ],
60 silly audit   reusify: [ '1.0.4' ],
60 silly audit   rimraf: [ '3.0.2' ],
60 silly audit   ripemd160: [ '2.0.2' ],
60 silly audit   'run-parallel': [ '1.2.0' ],
60 silly audit   'safer-buffer': [ '2.1.2' ],
60 silly audit   scheduler: [ '0.20.2' ],
60 silly audit   'set-blocking': [ '2.0.0' ],
60 silly audit   setimmediate: [ '1.0.5' ],
60 silly audit   setprototypeof: [ '1.1.1' ],
60 silly audit   'sha.js': [ '2.4.11' ],
60 silly audit   sharp: [ '0.29.3' ],
60 silly audit   'shebang-command': [ '2.0.0' ],
60 silly audit   'shebang-regex': [ '3.0.0' ],
60 silly audit   'shell-quote': [ '1.7.3' ],
60 silly audit   'side-channel': [ '1.0.4' ],
60 silly audit   'signal-exit': [ '3.0.6' ],
60 silly audit   'simple-concat': [ '1.0.1' ],
60 silly audit   'simple-get': [ '4.0.1' ],
60 silly audit   'simple-swizzle': [ '0.2.2' ],
60 silly audit   slash: [ '3.0.0' ],
60 silly audit   'stacktrace-parser': [ '0.1.10' ],
60 silly audit   statuses: [ '1.5.0' ],
60 silly audit   'stream-browserify': [ '3.0.0' ],
60 silly audit   'stream-http': [ '3.1.1' ],
60 silly audit   'stream-parser': [ '0.3.1' ],
60 silly audit   'string-hash': [ '1.1.3' ],
60 silly audit   'string-width': [ '1.0.2' ],
60 silly audit   'string.prototype.matchall': [ '4.0.6' ],
60 silly audit   'string.prototype.trimend': [ '1.0.4' ],
60 silly audit   'string.prototype.trimstart': [ '1.0.4' ],
60 silly audit   'strip-bom': [ '3.0.0' ],
60 silly audit   'style-value-types': [ '5.0.0' ],
60 silly audit   'styled-jsx': [ '5.0.0-beta.3' ],
60 silly audit   stylis: [ '3.5.4' ],
60 silly audit   'stylis-rule-sheet': [ '0.0.10' ],
60 silly audit   'tar-fs': [ '2.1.1' ],
60 silly audit   'tar-stream': [ '2.2.0' ],
60 silly audit   'text-table': [ '0.2.0' ],
60 silly audit   'timers-browserify': [ '2.0.12' ],
60 silly audit   'tiny-warning': [ '1.0.3' ],
60 silly audit   'to-fast-properties': [ '2.0.0' ],
60 silly audit   'to-regex-range': [ '5.0.1' ],
60 silly audit   toidentifier: [ '1.0.0' ],
60 silly audit   tr46: [ '1.0.1' ],
60 silly audit   'tsconfig-paths': [ '3.12.0' ],
60 silly audit   tsutils: [ '3.21.0' ],
60 silly audit   'tty-browserify': [ '0.0.1' ],
60 silly audit   'tunnel-agent': [ '0.6.0' ],
60 silly audit   'type-check': [ '0.4.0' ],
60 silly audit   typescript: [ '4.5.4' ],
60 silly audit   'unbox-primitive': [ '1.0.1' ],
60 silly audit   unpipe: [ '1.0.0' ],
60 silly audit   'uri-js': [ '4.4.1' ],
60 silly audit   'use-subscription': [ '1.5.1' ],
60 silly audit   util: [ '0.12.4' ],
60 silly audit   'util-deprecate': [ '1.0.2' ],
60 silly audit   'v8-compile-cache': [ '2.3.0' ],
60 silly audit   'vm-browserify': [ '1.1.2' ],
60 silly audit   watchpack: [ '2.3.0' ],
60 silly audit   'webidl-conversions': [ '4.0.2' ],
60 silly audit   'whatwg-url': [ '7.1.0' ],
60 silly audit   which: [ '2.0.2' ],
60 silly audit   'which-boxed-primitive': [ '1.0.2' ],
60 silly audit   'which-typed-array': [ '1.1.7' ],
60 silly audit   'wide-align': [ '1.1.5' ],
60 silly audit   'word-wrap': [ '1.2.3' ],
60 silly audit   wrappy: [ '1.0.2' ],
60 silly audit   xtend: [ '4.0.2' ],
60 silly audit   yallist: [ '4.0.0' ],
60 silly audit   'yocto-queue': [ '0.1.0' ],
60 silly audit   aos: [ '3.0.0-beta.6' ],
60 silly audit   'classlist-polyfill': [ '1.2.0' ],
60 silly audit   'lodash.debounce': [ '4.0.8' ],
60 silly audit   'lodash.throttle': [ '4.1.1' ]
60 silly audit }
61 verbose reify failed optional dependency C:\Users\my pc\Desktop\agency\node_modules\fsevents
62 silly reify mark deleted [ 'C:\\Users\\my pc\\Desktop\\agency\\node_modules\\fsevents' ]
63 verbose reify failed optional dependency C:\Users\my pc\Desktop\agency\node_modules\@next\swc-win32-ia32-msvc
64 silly reify mark deleted [
64 silly reify   'C:\\Users\\my pc\\Desktop\\agency\\node_modules\\@next\\swc-win32-ia32-msvc'
64 silly reify ]
65 verbose reify failed optional dependency C:\Users\my pc\Desktop\agency\node_modules\@next\swc-win32-arm64-msvc
66 silly reify mark deleted [
66 silly reify   'C:\\Users\\my pc\\Desktop\\agency\\node_modules\\@next\\swc-win32-arm64-msvc'
66 silly reify ]
67 verbose reify failed optional dependency C:\Users\my pc\Desktop\agency\node_modules\@next\swc-linux-x64-musl
68 silly reify mark deleted [
68 silly reify   'C:\\Users\\my pc\\Desktop\\agency\\node_modules\\@next\\swc-linux-x64-musl'
68 silly reify ]
69 verbose reify failed optional dependency C:\Users\my pc\Desktop\agency\node_modules\@next\swc-linux-x64-gnu
70 silly reify mark deleted [
70 silly reify   'C:\\Users\\my pc\\Desktop\\agency\\node_modules\\@next\\swc-linux-x64-gnu'
70 silly reify ]
71 verbose reify failed optional dependency C:\Users\my pc\Desktop\agency\node_modules\@next\swc-linux-arm64-musl
72 silly reify mark deleted [
72 silly reify   'C:\\Users\\my pc\\Desktop\\agency\\node_modules\\@next\\swc-linux-arm64-musl'
72 silly reify ]
73 verbose reify failed optional dependency C:\Users\my pc\Desktop\agency\node_modules\@next\swc-linux-arm64-gnu
74 silly reify mark deleted [
74 silly reify   'C:\\Users\\my pc\\Desktop\\agency\\node_modules\\@next\\swc-linux-arm64-gnu'
74 silly reify ]
75 verbose reify failed optional dependency C:\Users\my pc\Desktop\agency\node_modules\@next\swc-linux-arm-gnueabihf
76 silly reify mark deleted [
76 silly reify   'C:\\Users\\my pc\\Desktop\\agency\\node_modules\\@next\\swc-linux-arm-gnueabihf'
76 silly reify ]
77 verbose reify failed optional dependency C:\Users\my pc\Desktop\agency\node_modules\@next\swc-darwin-x64
78 silly reify mark deleted [
78 silly reify   'C:\\Users\\my pc\\Desktop\\agency\\node_modules\\@next\\swc-darwin-x64'
78 silly reify ]
79 verbose reify failed optional dependency C:\Users\my pc\Desktop\agency\node_modules\@next\swc-darwin-arm64
80 silly reify mark deleted [
80 silly reify   'C:\\Users\\my pc\\Desktop\\agency\\node_modules\\@next\\swc-darwin-arm64'
80 silly reify ]
81 verbose reify failed optional dependency C:\Users\my pc\Desktop\agency\node_modules\@next\swc-android-arm64
82 silly reify mark deleted [
82 silly reify   'C:\\Users\\my pc\\Desktop\\agency\\node_modules\\@next\\swc-android-arm64'
82 silly reify ]
83 timing reifyNode:node_modules/fsevents Completed in 16ms
84 timing reifyNode:node_modules/@next/swc-win32-ia32-msvc Completed in 16ms
85 timing reifyNode:node_modules/@next/swc-win32-arm64-msvc Completed in 16ms
86 timing reifyNode:node_modules/@next/swc-linux-x64-musl Completed in 16ms
87 timing reifyNode:node_modules/@next/swc-linux-x64-gnu Completed in 16ms
88 timing reifyNode:node_modules/@next/swc-linux-arm64-musl Completed in 16ms
89 timing reifyNode:node_modules/@next/swc-linux-arm64-gnu Completed in 16ms
90 timing reifyNode:node_modules/@next/swc-linux-arm-gnueabihf Completed in 16ms
91 timing reifyNode:node_modules/@next/swc-darwin-x64 Completed in 16ms
92 timing reifyNode:node_modules/@next/swc-darwin-arm64 Completed in 16ms
93 timing reifyNode:node_modules/@next/swc-android-arm64 Completed in 15ms
94 silly tarball no local data for lodash.throttle@https://registry.npmjs.org/lodash.throttle/-/lodash.throttle-4.1.1.tgz. Extracting by manifest.
95 silly tarball no local data for lodash.debounce@https://registry.npmjs.org/lodash.debounce/-/lodash.debounce-4.0.8.tgz. Extracting by manifest.
96 silly tarball no local data for classlist-polyfill@https://registry.npmjs.org/classlist-polyfill/-/classlist-polyfill-1.2.0.tgz. Extracting by manifest.
97 silly tarball no local data for aos@https://registry.npmjs.org/aos/-/aos-3.0.0-beta.6.tgz. Extracting by manifest.
98 http fetch POST 200 https://registry.npmjs.org/-/npm/v1/security/advisories/bulk 895ms
99 timing auditReport:getReport Completed in 925ms
100 silly audit report {
100 silly audit report   minimist: [
100 silly audit report     {
100 silly audit report       id: 1067342,
100 silly audit report       url: 'https://github.com/advisories/GHSA-xvch-5gv4-984h',
100 silly audit report       title: 'Prototype Pollution in minimist',
100 silly audit report       severity: 'critical',
100 silly audit report       vulnerable_versions: '<1.2.6',
100 silly audit report       cwe: [Array],
100 silly audit report       cvss: [Object]
100 silly audit report     }
100 silly audit report   ],
100 silly audit report   nanoid: [
100 silly audit report     {
100 silly audit report       id: 1067367,
100 silly audit report       url: 'https://github.com/advisories/GHSA-qrpm-p2h7-hrv2',
100 silly audit report       title: 'Exposure of Sensitive Information to an Unauthorized Actor in nanoid',
100 silly audit report       severity: 'moderate',
100 silly audit report       vulnerable_versions: '>=3.0.0 <3.1.31',
100 silly audit report       cwe: [Array],
100 silly audit report       cvss: [Object]
100 silly audit report     }
100 silly audit report   ],
100 silly audit report   next: [
100 silly audit report     {
100 silly audit report       id: 1067404,
100 silly audit report       url: 'https://github.com/advisories/GHSA-fmvm-x8mv-47mj',
100 silly audit report       title: 'Improper CSP in Image Optimization API for Next.js versions between 10.0.0 and 12.1.0',
100 silly audit report       severity: 'moderate',
100 silly audit report       vulnerable_versions: '>=10.0.0 <12.1.0',
100 silly audit report       cwe: [Array],
100 silly audit report       cvss: [Object]
100 silly audit report     },
100 silly audit report     {
100 silly audit report       id: 1067434,
100 silly audit report       url: 'https://github.com/advisories/GHSA-wr66-vrwm-5g5x',
100 silly audit report       title: 'Denial of Service Vulnerability in next.js',
100 silly audit report       severity: 'moderate',
100 silly audit report       vulnerable_versions: '>=12.0.0 <12.0.9',
100 silly audit report       cwe: [Array],
100 silly audit report       cvss: [Object]
100 silly audit report     }
100 silly audit report   ],
100 silly audit report   'follow-redirects': [
100 silly audit report     {
100 silly audit report       id: 1067407,
100 silly audit report       url: 'https://github.com/advisories/GHSA-pw2r-vq6v-hr8c',
100 silly audit report       title: 'Exposure of Sensitive Information to an Unauthorized Actor in follow-redirects',
100 silly audit report       severity: 'moderate',
100 silly audit report       vulnerable_versions: '<1.14.8',
100 silly audit report       cwe: [Array],
100 silly audit report       cvss: [Object]
100 silly audit report     }
100 silly audit report   ],
100 silly audit report   'node-fetch': [
100 silly audit report     {
100 silly audit report       id: 1067442,
100 silly audit report       url: 'https://github.com/advisories/GHSA-r683-j2x4-v87g',
100 silly audit report       title: 'node-fetch is vulnerable to Exposure of Sensitive Information to an Unauthorized Actor',
100 silly audit report       severity: 'high',
100 silly audit report       vulnerable_versions: '<2.6.7',
100 silly audit report       cwe: [Array],
100 silly audit report       cvss: [Object]
100 silly audit report     }
100 silly audit report   ]
100 silly audit report }
101 timing metavuln:cache:get:security-advisory:minimist:nZkhUdPEpKwzIx1nekYW4B7BHQyF2nm6J0JsgeP2HfA0DRMT5hhByRU71A4RPgtBbQPYEzVBozv8/mBZCafaGw== Completed in 9ms
102 timing metavuln:cache:get:security-advisory:nanoid:WJXPCHcXvflBivSRUXxZHlytrUVKyc2QAmJK7wEcEliI0mjNob76oyalWgPDRwlJMHCEm0K9UdFbWy0bMOuwrw== Completed in 9ms
103 timing metavuln:cache:get:security-advisory:next:jNXFJ8Yvkon0IydS5qnaxpkHyFtnlTYfv7gcu+4G35zQvHFgn6x9tGna/+OehUTJEHux6LvN5aQTNKYcPPl/Kg== Completed in 8ms
104 timing metavuln:cache:get:security-advisory:next:8MrRN8ciMen6b7r17yJuGwVtDT+iON1JkG6+UZV51S3kQY2HxT/6UHwJKoPyMvSQhmhutctKVLPTG+6pgob03A== Completed in 8ms
105 timing metavuln:cache:get:security-advisory:follow-redirects:VwqFvRDL/y64fHufJD07V9cCrUDkguGUK8ncYlGjfi2lqH7nnJ84ixrPb24Qpw7Bo7Hg4alMT9CtDkrNVscEFQ== Completed in 8ms
106 timing metavuln:cache:get:security-advisory:node-fetch:POzm/bCq3WfctYmYrSPpeKSuRYMriueS4bneluW+s4AzSeR5orhOxE4aUHE4iasY4BAV9cnp1kerQRMBL4wdbg== Completed in 7ms
107 http fetch GET 200 https://registry.npmjs.org/minimist 2034ms (cache miss)
108 timing metavuln:packument:minimist Completed in 2039ms
109 timing metavuln:load:security-advisory:minimist:1067342 Completed in 5ms
110 timing metavuln:cache:put:security-advisory:minimist:nZkhUdPEpKwzIx1nekYW4B7BHQyF2nm6J0JsgeP2HfA0DRMT5hhByRU71A4RPgtBbQPYEzVBozv8/mBZCafaGw== Completed in 95ms
111 timing metavuln:calculate:security-advisory:minimist:1067342 Completed in 2141ms
112 http fetch GET 200 https://registry.npmjs.org/node-fetch 2145ms (cache updated)
113 timing metavuln:packument:node-fetch Completed in 2148ms
114 timing metavuln:load:security-advisory:node-fetch:1067442 Completed in 9ms
115 http fetch GET 200 https://registry.npmjs.org/lodash.debounce/-/lodash.debounce-4.0.8.tgz 3191ms (cache miss)
116 timing reifyNode:node_modules/lodash.debounce Completed in 3237ms
117 timing metavuln:cache:put:security-advisory:node-fetch:POzm/bCq3WfctYmYrSPpeKSuRYMriueS4bneluW+s4AzSeR5orhOxE4aUHE4iasY4BAV9cnp1kerQRMBL4wdbg== Completed in 186ms
118 timing metavuln:calculate:security-advisory:node-fetch:1067442 Completed in 2344ms
119 http fetch GET 200 https://registry.npmjs.org/lodash.throttle/-/lodash.throttle-4.1.1.tgz 3221ms (cache miss)
120 timing reifyNode:node_modules/lodash.throttle Completed in 3259ms
121 http fetch GET 200 https://registry.npmjs.org/nanoid 2595ms (cache updated)
122 timing metavuln:packument:nanoid Completed in 2599ms
123 timing metavuln:load:security-advisory:nanoid:1067367 Completed in 17ms
124 http fetch GET 200 https://registry.npmjs.org/classlist-polyfill/-/classlist-polyfill-1.2.0.tgz 3798ms (cache miss)
125 timing reifyNode:node_modules/classlist-polyfill Completed in 3850ms
126 http fetch GET 200 https://registry.npmjs.org/follow-redirects 2954ms (cache updated)
127 timing metavuln:packument:follow-redirects Completed in 2955ms
128 timing metavuln:load:security-advisory:follow-redirects:1067407 Completed in 8ms
129 timing metavuln:cache:put:security-advisory:nanoid:WJXPCHcXvflBivSRUXxZHlytrUVKyc2QAmJK7wEcEliI0mjNob76oyalWgPDRwlJMHCEm0K9UdFbWy0bMOuwrw== Completed in 352ms
130 timing metavuln:calculate:security-advisory:nanoid:1067367 Completed in 2968ms
131 timing metavuln:cache:put:security-advisory:follow-redirects:VwqFvRDL/y64fHufJD07V9cCrUDkguGUK8ncYlGjfi2lqH7nnJ84ixrPb24Qpw7Bo7Hg4alMT9CtDkrNVscEFQ== Completed in 9ms
132 timing metavuln:calculate:security-advisory:follow-redirects:1067407 Completed in 2975ms
133 http fetch GET 200 https://registry.npmjs.org/aos/-/aos-3.0.0-beta.6.tgz 4392ms (cache miss)
134 timing reifyNode:node_modules/aos Completed in 4453ms
135 timing reify:unpack Completed in 4456ms
136 timing reify:unretire Completed in 0ms
137 timing build:queue Completed in 3ms
138 timing build:deps Completed in 4ms
139 timing build Completed in 5ms
140 timing reify:build Completed in 6ms
141 timing reify:trash Completed in 7ms
142 timing reify:save Completed in 717ms
143 http fetch GET 200 https://registry.npmjs.org/next 5916ms (cache updated)
144 timing metavuln:packument:next Completed in 6025ms
145 timing metavuln:load:security-advisory:next:1067404 Completed in 89ms
146 timing metavuln:load:security-advisory:next:1067434 Completed in 134ms
147 timing metavuln:cache:put:security-advisory:next:8MrRN8ciMen6b7r17yJuGwVtDT+iON1JkG6+UZV51S3kQY2HxT/6UHwJKoPyMvSQhmhutctKVLPTG+6pgob03A== Completed in 32ms
148 timing metavuln:calculate:security-advisory:next:1067434 Completed in 6282ms
149 timing metavuln:cache:put:security-advisory:next:jNXFJ8Yvkon0IydS5qnaxpkHyFtnlTYfv7gcu+4G35zQvHFgn6x9tGna/+OehUTJEHux6LvN5aQTNKYcPPl/Kg== Completed in 169ms
150 timing metavuln:calculate:security-advisory:next:1067404 Completed in 6285ms
151 timing metavuln:cache:get:security-advisory:json5:/9TYCj8NfVqcASrNQYp1v8TunWd0zUn2n1jmc9L0Z17yuaRhLPtFxvzfBPL/krhlmh2oRA3bsjD2HXrah8NRZg== Completed in 6ms
152 timing metavuln:cache:get:security-advisory:prebuild-install:q3mycxv3AS831bRxZr31/HyR16WYmzdWRdTVqsneiXLKi4mkT3tfc9S4w3Zh3AbDbiW4M/BXIyqLYnQUnwk0Pw== Completed in 4ms
153 timing metavuln:cache:get:security-advisory:rc:X9hqvqcaTV2mjaYJ7NE0U+MyQuvKMs63I+NEKfZvIkiJ9XLe5gNrG1/85pKxkv/MSh0kVYUeTxYBH/JvGLaxqQ== Completed in 3ms
154 timing metavuln:cache:get:security-advisory:tsconfig-paths:Zq4lT4NKevADzIBp2Wq8nX9suir4zbxoUch51Sw7QMhKPCfN+GlSEXvUKHbslWtRYpaRwoIlFl1XIQKnxyMu+A== Completed in 2ms
155 http fetch GET 200 https://registry.npmjs.org/tsconfig-paths 763ms (cache miss)
156 timing metavuln:packument:tsconfig-paths Completed in 765ms
157 timing metavuln:load:security-advisory:tsconfig-paths:nZkhUdPEpKwzIx1nekYW4B7BHQyF2nm6J0JsgeP2HfA0DRMT5hhByRU71A4RPgtBbQPYEzVBozv8/mBZCafaGw== Completed in 14ms
158 http fetch GET 200 https://registry.npmjs.org/json5 783ms (cache miss)
159 timing metavuln:packument:json5 Completed in 785ms
160 timing metavuln:load:security-advisory:json5:nZkhUdPEpKwzIx1nekYW4B7BHQyF2nm6J0JsgeP2HfA0DRMT5hhByRU71A4RPgtBbQPYEzVBozv8/mBZCafaGw== Completed in 2ms
161 timing metavuln:cache:put:security-advisory:tsconfig-paths:Zq4lT4NKevADzIBp2Wq8nX9suir4zbxoUch51Sw7QMhKPCfN+GlSEXvUKHbslWtRYpaRwoIlFl1XIQKnxyMu+A== Completed in 32ms
162 timing metavuln:calculate:security-advisory:tsconfig-paths:nZkhUdPEpKwzIx1nekYW4B7BHQyF2nm6J0JsgeP2HfA0DRMT5hhByRU71A4RPgtBbQPYEzVBozv8/mBZCafaGw== Completed in 812ms
163 timing metavuln:cache:put:security-advisory:json5:/9TYCj8NfVqcASrNQYp1v8TunWd0zUn2n1jmc9L0Z17yuaRhLPtFxvzfBPL/krhlmh2oRA3bsjD2HXrah8NRZg== Completed in 108ms
164 timing metavuln:calculate:security-advisory:json5:nZkhUdPEpKwzIx1nekYW4B7BHQyF2nm6J0JsgeP2HfA0DRMT5hhByRU71A4RPgtBbQPYEzVBozv8/mBZCafaGw== Completed in 897ms
165 http fetch GET 200 https://registry.npmjs.org/prebuild-install 1571ms (cache revalidated)
166 timing metavuln:packument:prebuild-install Completed in 1577ms
167 timing metavuln:load:security-advisory:prebuild-install:nZkhUdPEpKwzIx1nekYW4B7BHQyF2nm6J0JsgeP2HfA0DRMT5hhByRU71A4RPgtBbQPYEzVBozv8/mBZCafaGw== Completed in 4ms
168 http fetch GET 200 https://registry.npmjs.org/rc 1717ms (cache revalidated)
169 timing metavuln:packument:rc Completed in 1719ms
170 timing metavuln:load:security-advisory:rc:nZkhUdPEpKwzIx1nekYW4B7BHQyF2nm6J0JsgeP2HfA0DRMT5hhByRU71A4RPgtBbQPYEzVBozv8/mBZCafaGw== Completed in 10ms
171 timing metavuln:cache:put:security-advisory:prebuild-install:q3mycxv3AS831bRxZr31/HyR16WYmzdWRdTVqsneiXLKi4mkT3tfc9S4w3Zh3AbDbiW4M/BXIyqLYnQUnwk0Pw== Completed in 274ms
172 timing metavuln:calculate:security-advisory:prebuild-install:nZkhUdPEpKwzIx1nekYW4B7BHQyF2nm6J0JsgeP2HfA0DRMT5hhByRU71A4RPgtBbQPYEzVBozv8/mBZCafaGw== Completed in 1856ms
173 timing metavuln:cache:put:security-advisory:rc:X9hqvqcaTV2mjaYJ7NE0U+MyQuvKMs63I+NEKfZvIkiJ9XLe5gNrG1/85pKxkv/MSh0kVYUeTxYBH/JvGLaxqQ== Completed in 128ms
174 timing metavuln:calculate:security-advisory:rc:nZkhUdPEpKwzIx1nekYW4B7BHQyF2nm6J0JsgeP2HfA0DRMT5hhByRU71A4RPgtBbQPYEzVBozv8/mBZCafaGw== Completed in 1859ms
175 timing metavuln:cache:get:security-advisory:postcss:aCATZuNj7fp9kXk+MAKZGeP9Owae51ZUhzIuCrx0SzNtaFrY2w/V/ZGNSam5xyIGiENDzN4tuIyyjLhq8KBB7g== Completed in 2ms
176 http fetch GET 200 https://registry.npmjs.org/postcss 440ms (cache updated)
177 timing metavuln:packument:postcss Completed in 449ms
178 timing metavuln:load:security-advisory:postcss:WJXPCHcXvflBivSRUXxZHlytrUVKyc2QAmJK7wEcEliI0mjNob76oyalWgPDRwlJMHCEm0K9UdFbWy0bMOuwrw== Completed in 26ms
179 timing metavuln:cache:put:security-advisory:postcss:aCATZuNj7fp9kXk+MAKZGeP9Owae51ZUhzIuCrx0SzNtaFrY2w/V/ZGNSam5xyIGiENDzN4tuIyyjLhq8KBB7g== Completed in 39ms
180 timing metavuln:calculate:security-advisory:postcss:WJXPCHcXvflBivSRUXxZHlytrUVKyc2QAmJK7wEcEliI0mjNob76oyalWgPDRwlJMHCEm0K9UdFbWy0bMOuwrw== Completed in 514ms
181 timing metavuln:cache:get:security-advisory:eslint-config-next:x91ZcF5eHOi8fRBPsBbwfl1BqoXu0nYnq8xQJsQbgH/vCFZqfwQAOImL5p9B1C+EPCJZc4UasI0fP07pCfijTQ== Completed in 37ms
182 http fetch GET 200 https://registry.npmjs.org/eslint-config-next 404ms (cache updated)
183 timing metavuln:packument:eslint-config-next Completed in 410ms
184 timing metavuln:load:security-advisory:eslint-config-next:jNXFJ8Yvkon0IydS5qnaxpkHyFtnlTYfv7gcu+4G35zQvHFgn6x9tGna/+OehUTJEHux6LvN5aQTNKYcPPl/Kg== Completed in 37ms
185 timing metavuln:cache:put:security-advisory:eslint-config-next:x91ZcF5eHOi8fRBPsBbwfl1BqoXu0nYnq8xQJsQbgH/vCFZqfwQAOImL5p9B1C+EPCJZc4UasI0fP07pCfijTQ== Completed in 49ms
186 timing metavuln:calculate:security-advisory:eslint-config-next:jNXFJ8Yvkon0IydS5qnaxpkHyFtnlTYfv7gcu+4G35zQvHFgn6x9tGna/+OehUTJEHux6LvN5aQTNKYcPPl/Kg== Completed in 498ms
187 timing metavuln:cache:get:security-advisory:axios:cJ/Gp2PVmWYWIPvt+mStLN7j1iGxcbPxy+S/Y8YPWi4j02GBcimJkiUZ/gYhm6C92YwPAfUKF+os5bmA4Q/zww== Completed in 6ms
188 http fetch GET 200 https://registry.npmjs.org/axios 1615ms (cache updated)
189 timing metavuln:packument:axios Completed in 1618ms
190 timing metavuln:load:security-advisory:axios:VwqFvRDL/y64fHufJD07V9cCrUDkguGUK8ncYlGjfi2lqH7nnJ84ixrPb24Qpw7Bo7Hg4alMT9CtDkrNVscEFQ== Completed in 18ms
191 timing metavuln:cache:put:security-advisory:axios:cJ/Gp2PVmWYWIPvt+mStLN7j1iGxcbPxy+S/Y8YPWi4j02GBcimJkiUZ/gYhm6C92YwPAfUKF+os5bmA4Q/zww== Completed in 15ms
192 timing metavuln:calculate:security-advisory:axios:VwqFvRDL/y64fHufJD07V9cCrUDkguGUK8ncYlGjfi2lqH7nnJ84ixrPb24Qpw7Bo7Hg4alMT9CtDkrNVscEFQ== Completed in 1652ms
193 timing metavuln:cache:get:security-advisory:next:E+lSVixRRSzlp4gyvBkK/kRVamS5SH8I0KoUmqd2v2HmTusorc38se8l9Znf9fKjxSZawS83hiY2YdjvcdSWLA== Completed in 1ms
194 timing metavuln:load:security-advisory:next:POzm/bCq3WfctYmYrSPpeKSuRYMriueS4bneluW+s4AzSeR5orhOxE4aUHE4iasY4BAV9cnp1kerQRMBL4wdbg== Completed in 148ms
195 timing metavuln:cache:put:security-advisory:next:E+lSVixRRSzlp4gyvBkK/kRVamS5SH8I0KoUmqd2v2HmTusorc38se8l9Znf9fKjxSZawS83hiY2YdjvcdSWLA== Completed in 16ms
196 timing metavuln:calculate:security-advisory:next:POzm/bCq3WfctYmYrSPpeKSuRYMriueS4bneluW+s4AzSeR5orhOxE4aUHE4iasY4BAV9cnp1kerQRMBL4wdbg== Completed in 165ms
197 timing auditReport:init Completed in 10978ms
198 timing reify:audit Completed in 11909ms
199 timing reify Completed in 32524ms
200 silly ADD node_modules/lodash.throttle
201 silly ADD node_modules/lodash.debounce
202 silly ADD node_modules/classlist-polyfill
203 silly ADD node_modules/aos
204 silly ADD
205 silly ADD
206 silly ADD
207 silly ADD
208 silly ADD
209 silly ADD
210 silly ADD
211 silly ADD
212 silly ADD
213 silly ADD
214 silly ADD
215 timing command:install Completed in 32653ms
216 verbose exit 0
217 timing npm Completed in 33707ms
218 info ok
